

Started GET "/" for 127.0.0.1 at 2014-05-14 16:09:51 -0600
Processing by PagesController#index as HTML
  Rendered pages/index.html.erb within layouts/application (1.0ms)
Completed 200 OK in 757ms (Views: 747.4ms | ActiveRecord: 0.0ms)


Started GET "/assets/application.css?body=1" for 127.0.0.1 at 2014-05-14 16:09:52 -0600


Started GET "/assets/jquery.js?body=1" for 127.0.0.1 at 2014-05-14 16:09:52 -0600


Started GET "/assets/application.js?body=1" for 127.0.0.1 at 2014-05-14 16:09:52 -0600


Started GET "/assets/turbolinks.js?body=1" for 127.0.0.1 at 2014-05-14 16:09:52 -0600


Started GET "/assets/jquery_ujs.js?body=1" for 127.0.0.1 at 2014-05-14 16:09:52 -0600
  [1m[36m (22.3ms)[0m  [1mCREATE TABLE "schema_migrations" ("version" character varying(255) NOT NULL) [0m
  [1m[35m (6.3ms)[0m  CREATE UNIQUE INDEX  "unique_schema_migrations" ON "schema_migrations"  ("version")
  [1m[36mActiveRecord::SchemaMigration Load (0.8ms)[0m  [1mSELECT "schema_migrations".* FROM "schema_migrations"[0m
Migrating to CreateUsers (20140514222607)
  [1m[35m (0.1ms)[0m  BEGIN
  [1m[36m (40.7ms)[0m  [1mCREATE TABLE "users" ("id" serial primary key, "email" character varying(255), "password" character varying(255)) [0m
  [1m[35mSQL (13.6ms)[0m  INSERT INTO "schema_migrations" ("version") VALUES ($1)  [["version", "20140514222607"]]
  [1m[36m (6.5ms)[0m  [1mCOMMIT[0m
  [1m[35mActiveRecord::SchemaMigration Load (0.6ms)[0m  SELECT "schema_migrations".* FROM "schema_migrations"


Started GET "/" for 127.0.0.1 at 2014-05-14 16:28:03 -0600
  [1m[36mActiveRecord::SchemaMigration Load (0.4ms)[0m  [1mSELECT "schema_migrations".* FROM "schema_migrations"[0m
Processing by PagesController#index as HTML
  Rendered pages/index.html.erb within layouts/application (3.5ms)
Completed 200 OK in 87ms (Views: 62.7ms | ActiveRecord: 0.0ms)


Started GET "/assets/jquery.js?body=1" for 127.0.0.1 at 2014-05-14 16:28:04 -0600


Started GET "/assets/application.css?body=1" for 127.0.0.1 at 2014-05-14 16:28:04 -0600


Started GET "/assets/application.js?body=1" for 127.0.0.1 at 2014-05-14 16:28:04 -0600


Started GET "/assets/jquery_ujs.js?body=1" for 127.0.0.1 at 2014-05-14 16:28:04 -0600


Started GET "/assets/turbolinks.js?body=1" for 127.0.0.1 at 2014-05-14 16:28:04 -0600


Started GET "/users/new" for 127.0.0.1 at 2014-05-14 16:28:06 -0600
Processing by UsersController#new as HTML
  Rendered users/new.html.erb within layouts/application (34.2ms)
Completed 200 OK in 49ms (Views: 41.7ms | ActiveRecord: 2.6ms)


Started GET "/" for 127.0.0.1 at 2014-05-14 17:20:37 -0600
  [1m[36mActiveRecord::SchemaMigration Load (0.6ms)[0m  [1mSELECT "schema_migrations".* FROM "schema_migrations"[0m
Processing by PagesController#index as HTML
Completed 404 Not Found in 15ms

ActiveRecord::RecordNotFound (Couldn't find User without an ID):
  app/controllers/pages_controller.rb:4:in `index'


  Rendered /Users/zbunde/.rvm/gems/ruby-2.1.1/gems/actionpack-4.1.1/lib/action_dispatch/middleware/templates/rescues/_source.erb (1.4ms)
  Rendered /Users/zbunde/.rvm/gems/ruby-2.1.1/gems/actionpack-4.1.1/lib/action_dispatch/middleware/templates/rescues/_trace.html.erb (1.8ms)
  Rendered /Users/zbunde/.rvm/gems/ruby-2.1.1/gems/actionpack-4.1.1/lib/action_dispatch/middleware/templates/rescues/_request_and_response.html.erb (1.6ms)
  Rendered /Users/zbunde/.rvm/gems/ruby-2.1.1/gems/actionpack-4.1.1/lib/action_dispatch/middleware/templates/rescues/diagnostics.erb within rescues/layout (26.0ms)
